<?xml version="1.0" encoding="UTF-8"?>
<testng-results ignored="0" total="5" passed="5" failed="0" skipped="0">
  <reporter-output>
  </reporter-output>
  <suite started-at="2025-01-23T16:01:01 IST" name="Selenium Suite" finished-at="2025-01-23T16:01:20 IST" duration-ms="19700">
    <groups>
    </groups>
    <test started-at="2025-01-23T16:01:01 IST" name="Test Group 1" finished-at="2025-01-23T16:01:20 IST" duration-ms="19700">
      <class name="com.jepetstore.testcase.Tc_AddToCart_03">
        <test-method is-config="true" signature="openURL()[pri:0, instance:com.jepetstore.testcase.Tc_AddToCart_03@3527942a]" started-at="2025-01-23T16:01:14 IST" name="openURL" finished-at="2025-01-23T16:01:14 IST" duration-ms="531" status="PASS">
          <reporter-output>
          </reporter-output>
        </test-method> <!-- openURL -->
        <test-method is-config="true" signature="openBrowser()[pri:0, instance:com.jepetstore.testcase.Tc_AddToCart_03@3527942a]" started-at="2025-01-23T16:01:14 IST" name="openBrowser" finished-at="2025-01-23T16:01:14 IST" duration-ms="0" status="PASS">
          <reporter-output>
          </reporter-output>
        </test-method> <!-- openBrowser -->
        <test-method signature="AddToCart()[pri:0, instance:com.jepetstore.testcase.Tc_AddToCart_03@3527942a]" started-at="2025-01-23T16:01:14 IST" name="AddToCart" finished-at="2025-01-23T16:01:20 IST" duration-ms="5908" status="PASS">
          <reporter-output>
          </reporter-output>
        </test-method> <!-- AddToCart -->
        <test-method is-config="true" signature="getScreenShot()[pri:0, instance:com.jepetstore.testcase.Tc_AddToCart_03@3527942a]" started-at="2025-01-23T16:01:20 IST" name="getScreenShot" finished-at="2025-01-23T16:01:20 IST" duration-ms="177" status="PASS">
          <reporter-output>
          </reporter-output>
        </test-method> <!-- getScreenShot -->
        <test-method is-config="true" signature="getTitle()[pri:0, instance:com.jepetstore.testcase.Tc_AddToCart_03@3527942a]" started-at="2025-01-23T16:01:20 IST" name="getTitle" finished-at="2025-01-23T16:01:20 IST" duration-ms="10" status="PASS">
          <reporter-output>
          </reporter-output>
        </test-method> <!-- getTitle -->
        <test-method is-config="true" signature="closeBrowser()[pri:0, instance:com.jepetstore.testcase.Tc_AddToCart_03@3527942a]" started-at="2025-01-23T16:01:21 IST" name="closeBrowser" finished-at="2025-01-23T16:01:21 IST" duration-ms="0" status="PASS">
          <reporter-output>
          </reporter-output>
        </test-method> <!-- closeBrowser -->
      </class> <!-- com.jepetstore.testcase.Tc_AddToCart_03 -->
      <class name="com.jepetstore.testcase.RegisterJepetstore">
        <test-method is-config="true" signature="openBrowser()[pri:0, instance:com.jepetstore.testcase.RegisterJepetstore@48aca48b]" started-at="2025-01-23T16:00:59 IST" name="openBrowser" finished-at="2025-01-23T16:01:01 IST" duration-ms="1374" status="PASS">
          <reporter-output>
          </reporter-output>
        </test-method> <!-- openBrowser -->
        <test-method is-config="true" signature="openURL()[pri:0, instance:com.jepetstore.testcase.RegisterJepetstore@48aca48b]" started-at="2025-01-23T16:01:01 IST" name="openURL" finished-at="2025-01-23T16:01:04 IST" duration-ms="3030" status="PASS">
          <reporter-output>
          </reporter-output>
        </test-method> <!-- openURL -->
        <test-method is-config="true" signature="getCookies()[pri:0, instance:com.jepetstore.testcase.RegisterJepetstore@48aca48b]" started-at="2025-01-23T16:01:04 IST" name="getCookies" finished-at="2025-01-23T16:01:04 IST" duration-ms="28" status="PASS">
          <reporter-output>
          </reporter-output>
        </test-method> <!-- getCookies -->
        <test-method is-config="true" signature="getTitleOfPage()[pri:0, instance:com.jepetstore.testcase.RegisterJepetstore@48aca48b]" started-at="2025-01-23T16:01:04 IST" name="getTitleOfPage" finished-at="2025-01-23T16:01:04 IST" duration-ms="10" status="PASS">
          <reporter-output>
          </reporter-output>
        </test-method> <!-- getTitleOfPage -->
        <test-method signature="FillRegisterdata()[pri:0, instance:com.jepetstore.testcase.RegisterJepetstore@48aca48b]" started-at="2025-01-23T16:01:04 IST" name="FillRegisterdata" finished-at="2025-01-23T16:01:04 IST" duration-ms="259" status="PASS">
          <reporter-output>
          </reporter-output>
        </test-method> <!-- FillRegisterdata -->
        <test-method is-config="true" signature="getScreenShot()[pri:0, instance:com.jepetstore.testcase.RegisterJepetstore@48aca48b]" started-at="2025-01-23T16:01:04 IST" name="getScreenShot" finished-at="2025-01-23T16:01:04 IST" duration-ms="211" status="PASS">
          <reporter-output>
          </reporter-output>
        </test-method> <!-- getScreenShot -->
        <test-method is-config="true" signature="getTitleOfPage()[pri:0, instance:com.jepetstore.testcase.RegisterJepetstore@48aca48b]" started-at="2025-01-23T16:01:04 IST" name="getTitleOfPage" finished-at="2025-01-23T16:01:04 IST" duration-ms="8" status="PASS">
          <reporter-output>
          </reporter-output>
        </test-method> <!-- getTitleOfPage -->
        <test-method signature="FillRegisterdata2()[pri:0, instance:com.jepetstore.testcase.RegisterJepetstore@48aca48b]" started-at="2025-01-23T16:01:04 IST" name="FillRegisterdata2" finished-at="2025-01-23T16:01:05 IST" duration-ms="286" status="PASS">
          <reporter-output>
          </reporter-output>
        </test-method> <!-- FillRegisterdata2 -->
        <test-method is-config="true" signature="getScreenShot()[pri:0, instance:com.jepetstore.testcase.RegisterJepetstore@48aca48b]" started-at="2025-01-23T16:01:05 IST" name="getScreenShot" finished-at="2025-01-23T16:01:05 IST" duration-ms="174" status="PASS">
          <reporter-output>
          </reporter-output>
        </test-method> <!-- getScreenShot -->
        <test-method is-config="true" signature="getTitleOfPage()[pri:0, instance:com.jepetstore.testcase.RegisterJepetstore@48aca48b]" started-at="2025-01-23T16:01:05 IST" name="getTitleOfPage" finished-at="2025-01-23T16:01:05 IST" duration-ms="9" status="PASS">
          <reporter-output>
          </reporter-output>
        </test-method> <!-- getTitleOfPage -->
        <test-method signature="FillRegisterdata3()[pri:0, instance:com.jepetstore.testcase.RegisterJepetstore@48aca48b]" started-at="2025-01-23T16:01:05 IST" name="FillRegisterdata3" finished-at="2025-01-23T16:01:09 IST" duration-ms="4240" status="PASS">
          <reporter-output>
          </reporter-output>
        </test-method> <!-- FillRegisterdata3 -->
        <test-method is-config="true" signature="getScreenShot()[pri:0, instance:com.jepetstore.testcase.RegisterJepetstore@48aca48b]" started-at="2025-01-23T16:01:09 IST" name="getScreenShot" finished-at="2025-01-23T16:01:09 IST" duration-ms="192" status="PASS">
          <reporter-output>
          </reporter-output>
        </test-method> <!-- getScreenShot -->
        <test-method is-config="true" signature="closeBrowser()[pri:0, instance:com.jepetstore.testcase.RegisterJepetstore@48aca48b]" started-at="2025-01-23T16:01:20 IST" name="closeBrowser" finished-at="2025-01-23T16:01:21 IST" duration-ms="303" status="PASS">
          <reporter-output>
          </reporter-output>
        </test-method> <!-- closeBrowser -->
      </class> <!-- com.jepetstore.testcase.RegisterJepetstore -->
      <class name="com.jepetstore.testcase.signin">
        <test-method is-config="true" signature="openBrowser()[pri:0, instance:com.jepetstore.testcase.signin@273e7444]" started-at="2025-01-23T16:01:01 IST" name="openBrowser" finished-at="2025-01-23T16:01:01 IST" duration-ms="0" status="PASS">
          <reporter-output>
          </reporter-output>
        </test-method> <!-- openBrowser -->
        <test-method is-config="true" signature="openBrowser()[pri:0, instance:com.jepetstore.testcase.signin@273e7444]" started-at="2025-01-23T16:01:09 IST" name="openBrowser" finished-at="2025-01-23T16:01:09 IST" duration-ms="0" status="PASS">
          <reporter-output>
          </reporter-output>
        </test-method> <!-- openBrowser -->
        <test-method is-config="true" signature="openURL()[pri:0, instance:com.jepetstore.testcase.signin@273e7444]" started-at="2025-01-23T16:01:09 IST" name="openURL" finished-at="2025-01-23T16:01:10 IST" duration-ms="673" status="PASS">
          <reporter-output>
          </reporter-output>
        </test-method> <!-- openURL -->
        <test-method signature="userSignIn()[pri:0, instance:com.jepetstore.testcase.signin@273e7444]" started-at="2025-01-23T16:01:10 IST" name="userSignIn" finished-at="2025-01-23T16:01:14 IST" duration-ms="3722" status="PASS">
          <reporter-output>
          </reporter-output>
        </test-method> <!-- userSignIn -->
        <test-method is-config="true" signature="getScreenShot()[pri:0, instance:com.jepetstore.testcase.signin@273e7444]" started-at="2025-01-23T16:01:14 IST" name="getScreenShot" finished-at="2025-01-23T16:01:14 IST" duration-ms="170" status="PASS">
          <reporter-output>
          </reporter-output>
        </test-method> <!-- getScreenShot -->
        <test-method is-config="true" signature="getTitle()[pri:0, instance:com.jepetstore.testcase.signin@273e7444]" started-at="2025-01-23T16:01:14 IST" name="getTitle" finished-at="2025-01-23T16:01:14 IST" duration-ms="5" status="PASS">
          <reporter-output>
          </reporter-output>
        </test-method> <!-- getTitle -->
        <test-method is-config="true" signature="closeBrowser()[pri:0, instance:com.jepetstore.testcase.signin@273e7444]" started-at="2025-01-23T16:01:21 IST" name="closeBrowser" finished-at="2025-01-23T16:01:21 IST" duration-ms="0" status="PASS">
          <reporter-output>
          </reporter-output>
        </test-method> <!-- closeBrowser -->
      </class> <!-- com.jepetstore.testcase.signin -->
    </test> <!-- Test Group 1 -->
  </suite> <!-- Selenium Suite -->
</testng-results>
