<?xml version="1.0" encoding="UTF-8"?>
<!-- Generated by org.testng.reporters.JUnitXMLReporter -->
<testsuite ignored="0" hostname="LAPTOP-F0UONMJM" failures="0" tests="5" name="Test Group 1" time="19.7" errors="0" timestamp="2025-01-23T16:01:20 IST">
  <testcase classname="com.jepetstore.testcase.RegisterJepetstore" name="FillRegisterdata" time="0.259"/>
  <testcase classname="com.jepetstore.testcase.RegisterJepetstore" name="FillRegisterdata2" time="0.286"/>
  <testcase classname="com.jepetstore.testcase.RegisterJepetstore" name="FillRegisterdata3" time="4.24"/>
  <testcase classname="com.jepetstore.testcase.signin" name="userSignIn" time="3.722"/>
  <testcase classname="com.jepetstore.testcase.Tc_AddToCart_03" name="AddToCart" time="5.908"/>
</testsuite> <!-- Test Group 1 -->
