<?xml version="1.0" encoding="UTF-8"?>
<!-- Generated by org.testng.reporters.JUnitXMLReporter -->
<testsuite ignored="0" hostname="LAPTOP-F0UONMJM" failures="0" tests="5" name="Test Group 1" time="14.683" errors="0" timestamp="2025-01-23T16:06:19 IST">
  <testcase classname="com.jepetStoreWithPageFactory.TestCases.Tc_RegisterUser_01" name="FillRegisterdata" time="0.265"/>
  <testcase classname="com.jepetStoreWithPageFactory.TestCases.Tc_RegisterUser_01" name="FillRegisterdata2" time="0.278"/>
  <testcase classname="com.jepetStoreWithPageFactory.TestCases.Tc_RegisterUser_01" name="FillRegisterdata3" time="1.382"/>
  <testcase classname="com.jepetStoreWithPageFactory.TestCases.Tc_SignIn_02" name="userSignIn" time="1.637"/>
  <testcase classname="com.jepetStoreWithPageFactory.TestCases.Tc_AddToCartOrder_03" name="AddToCart" time="5.867"/>
</testsuite> <!-- Test Group 1 -->
